<?xml version="1.0" encoding="UTF-8"?>
<testsuite name="MainKtTest" tests="7" skipped="0" failures="0" errors="0" timestamp="2022-06-18T22:17:54" hostname="LAPTOP-QAQ5Q9MT" time="0.021">
  <properties/>
  <testcase name="comissionCount_Mastercard" classname="MainKtTest" time="0.02"/>
  <testcase name="comissionCount_Maestro" classname="MainKtTest" time="0.0"/>
  <testcase name="comissionVisaMir_shouldCorrectChoose" classname="MainKtTest" time="0.0"/>
  <testcase name="comissionCount_Mir" classname="MainKtTest" time="0.0"/>
  <testcase name="comissionMaestroMastercard_shouldCorrectChoose" classname="MainKtTest" time="0.0"/>
  <testcase name="comissionCount_Vk" classname="MainKtTest" time="0.0"/>
  <testcase name="comission_notEqualCard" classname="MainKtTest" time="0.0"/>
  <system-out><![CDATA[]]></system-out>
  <system-err><![CDATA[]]></system-err>
</testsuite>
